<?xml version="1.0" encoding="UTF-8" ?>
<testsuite errors="1" failures="0" hostname="DESKTOP-8SBNJHL" name="org.junit.runner.manipulation.Filter" tests="1" time="0.215" timestamp="2016-01-23T19:42:46">
  <properties />
  <testcase classname="org.junit.runner.manipulation.Filter" name="initializationError" time="0.213">
    <error message="No tests found matching grails test target pattern filter from org.junit.runner.Request$1@5c9832ac" type="java.lang.Exception">java.lang.Exception: No tests found matching grails test target pattern filter from org.junit.runner.Request$1@5c9832ac
</error>
  </testcase>
  <system-out><![CDATA[--Output from initializationError--
]]></system-out>
  <system-err><![CDATA[--Output from initializationError--
]]></system-err>
</testsuite>
